{"level":"info","message":"err","timestamp":"2017-07-19T07:49:56.625Z"}
{"level":"info","message":"err","timestamp":"2017-07-19T07:59:44.548Z"}
{"level":"info","message":"err","timestamp":"2017-07-19T08:13:13.127Z"}
{"level":"info","message":"err","timestamp":"2017-07-19T08:13:56.964Z"}
{"level":"info","message":"err","timestamp":"2017-07-19T08:15:07.488Z"}
{"level":"info","message":"err to get tree","timestamp":"2017-07-19T08:15:27.170Z"}
{"level":"info","message":"err to get tree","timestamp":"2017-07-19T08:18:13.073Z"}
{"level":"info","message":"err to get tree","timestamp":"2017-07-19T08:26:07.886Z"}
{"level":"info","message":"err to plan tree","timestamp":"2017-07-24T09:35:47.426Z"}
{"level":"info","message":"plan done","timestamp":"2017-07-24T09:36:14.106Z"}
{"level":"info","message":"get data done","timestamp":"2017-07-24T09:43:34.734Z"}
{"level":"info","message":"get data done","timestamp":"2017-07-24T09:43:52.906Z"}
{"level":"info","message":"get data done","timestamp":"2017-07-24T09:44:02.054Z"}
{"level":"info","message":"get data done","timestamp":"2017-07-24T09:44:44.949Z"}
{"level":"info","message":"get data done","timestamp":"2017-07-24T09:44:58.455Z"}
{"level":"info","message":"get data done","timestamp":"2017-07-24T09:45:16.509Z"}
{"level":"info","message":"plan done","timestamp":"2017-07-24T09:48:01.523Z"}
{"level":"info","message":"plan done","timestamp":"2017-07-24T09:48:24.453Z"}
{"level":"info","message":"plan done","timestamp":"2017-07-24T09:48:36.467Z"}
{"level":"info","message":"get data done","timestamp":"2017-07-24T09:48:57.410Z"}
{"level":"info","message":"get data done","timestamp":"2017-07-24T16:37:43.115Z"}
{"level":"info","message":"get data done","timestamp":"2017-07-24T16:38:03.554Z"}
{"level":"info","message":"done to harvest","timestamp":"2017-07-24T16:49:33.963Z"}
{"level":"info","message":"get data done","timestamp":"2017-07-25T05:00:32.745Z"}
{"level":"info","message":"get data done","timestamp":"2017-07-25T05:01:47.104Z"}
{"level":"info","message":"plan done","timestamp":"2017-07-25T05:01:56.743Z"}
{"level":"info","message":"plan done","timestamp":"2017-07-25T05:02:09.062Z"}
{"level":"info","message":"plan done","timestamp":"2017-07-25T05:02:20.804Z"}
{"level":"info","message":"plan done","timestamp":"2017-07-25T05:02:55.555Z"}
{"level":"info","message":"get data done","timestamp":"2017-07-25T05:03:01.964Z"}
{"level":"info","message":"done to harvest","timestamp":"2017-07-25T05:04:23.716Z"}
{"level":"info","message":"done to harvest","timestamp":"2017-07-25T05:04:30.295Z"}
{"level":"info","message":"get data done","timestamp":"2017-07-25T05:06:56.483Z"}
{"level":"info","message":"get data done","timestamp":"2017-07-25T05:31:14.886Z"}
{"level":"info","message":"get data done","timestamp":"2017-07-25T05:40:43.788Z"}
{"level":"info","message":"get data done","timestamp":"2017-07-25T05:41:19.018Z"}
{"level":"info","message":"get data done","timestamp":"2017-07-25T05:41:23.789Z"}
{"level":"info","message":"plan done","timestamp":"2017-07-25T05:41:40.303Z"}
{"level":"info","message":"plan done","timestamp":"2017-07-25T05:41:50.307Z"}
{"level":"info","message":"plan done","timestamp":"2017-07-25T05:42:01.057Z"}
{"level":"info","message":"plan done","timestamp":"2017-07-25T05:42:12.143Z"}
{"level":"info","message":"plan done","timestamp":"2017-07-25T05:42:27.045Z"}
{"level":"info","message":"get data done","timestamp":"2017-07-25T05:47:29.370Z"}
{"level":"info","message":"get data done","timestamp":"2017-07-25T05:52:53.255Z"}
{"level":"info","message":"get data done","timestamp":"2017-07-25T05:53:34.287Z"}
{"level":"info","message":"get data done","timestamp":"2017-07-25T07:55:51.890Z"}
{"level":"info","message":"plan done","timestamp":"2017-07-25T07:57:00.777Z"}
{"level":"info","message":"plan done","timestamp":"2017-07-25T07:57:10.591Z"}
{"level":"info","message":"plan done","timestamp":"2017-07-25T07:57:25.225Z"}
{"level":"info","message":"plan done","timestamp":"2017-07-26T05:21:29.413Z"}
{"level":"info","message":"plan done","timestamp":"2017-07-26T05:23:32.518Z"}
{"level":"info","message":"plan done","timestamp":"2017-07-26T05:24:02.998Z"}
{"level":"info","message":"plan done","timestamp":"2017-07-26T05:24:39.146Z"}
{"level":"info","message":"plan done","timestamp":"2017-07-26T05:25:17.784Z"}
{"level":"info","message":"plan done","timestamp":"2017-07-26T05:26:20.326Z"}
{"level":"info","message":"plan done","timestamp":"2017-07-26T05:26:56.675Z"}
{"level":"info","message":"plan done","timestamp":"2017-07-26T05:28:06.703Z"}
{"level":"info","message":"plan done","timestamp":"2017-07-26T05:29:49.158Z"}
{"level":"info","message":"plan done","timestamp":"2017-07-26T05:30:05.902Z"}
{"level":"info","message":"get data done","timestamp":"2017-07-26T05:34:10.413Z"}
{"level":"info","message":"buy done","timestamp":"2017-07-26T07:10:37.434Z"}
{"level":"info","message":"get data done","timestamp":"2017-07-26T08:19:24.325Z"}
{"level":"info","message":"get data done","timestamp":"2017-07-26T08:20:08.702Z"}
{"level":"info","message":"get data done","timestamp":"2017-07-26T08:21:22.017Z"}
{"level":"info","message":"get data done","timestamp":"2017-07-26T08:22:07.549Z"}
{"level":"info","message":"get data done","timestamp":"2017-07-26T08:24:51.975Z"}
{"level":"info","message":"get data done","timestamp":"2017-07-26T08:25:38.211Z"}
{"level":"info","message":"get data done","timestamp":"2017-07-27T07:46:20.776Z"}
{"level":"info","message":"get data done","timestamp":"2017-07-27T07:54:44.966Z"}
{"level":"info","message":"get data done","timestamp":"2017-07-27T07:55:03.080Z"}
{"level":"info","message":"get data done","timestamp":"2017-07-27T07:55:29.288Z"}
{"level":"info","message":"get data done","timestamp":"2017-07-27T08:06:22.640Z"}
{"level":"info","message":"get data done","timestamp":"2017-07-27T08:08:43.372Z"}
{"level":"info","message":"get data done","timestamp":"2017-07-27T08:08:45.148Z"}
{"level":"info","message":"get data done","timestamp":"2017-07-27T08:10:21.496Z"}
{"level":"info","message":"get data done","timestamp":"2017-07-27T08:10:42.652Z"}
{"level":"info","message":"get data done","timestamp":"2017-07-28T03:14:06.791Z"}
{"level":"info","message":"plan done","timestamp":"2017-07-28T03:14:56.334Z"}
{"level":"info","message":"plan done","timestamp":"2017-07-28T03:15:13.095Z"}
{"level":"info","message":"plan done","timestamp":"2017-07-28T03:15:23.479Z"}
{"level":"info","message":"plan done","timestamp":"2017-07-28T03:15:51.282Z"}
{"level":"info","message":"plan done","timestamp":"2017-07-28T03:16:02.601Z"}
{"0":{"$__":{"strictMode":true,"selected":{},"inserting":false,"getters":{},"_id":{"_bsontype":"ObjectID","id":{"0":89,"1":122,"2":171,"3":221,"4":129,"5":152,"6":229,"7":35,"8":156,"9":101,"10":162,"11":165}},"wasPopulated":false,"activePaths":{"paths":{"__v":"init","userName":"init","KinhNgiem":"init","_id":"init"},"states":{"ignore":{},"default":{},"init":{"__v":true,"userName":true,"KinhNgiem":true,"_id":true},"modify":{},"require":{}},"stateNames":["require","modify","init","default","ignore"]},"pathsToScopes":{},"emitter":{"domain":null,"_events":{},"_eventsCount":0,"_maxListeners":0}},"isNew":false,"_doc":{"__v":0,"userName":"ha@khung","Diem":9500,"KinhNgiem":0,"_id":{"$ref":"$[0][\"$__\"][\"_id\"]"}},"$init":true},"level":"info","message":"","timestamp":"2017-07-28T03:19:38.520Z"}
{"0":{"$__":{"strictMode":true,"selected":{},"inserting":false,"getters":{},"_id":{"_bsontype":"ObjectID","id":{"0":89,"1":122,"2":171,"3":221,"4":129,"5":152,"6":229,"7":35,"8":156,"9":101,"10":162,"11":165}},"wasPopulated":false,"activePaths":{"paths":{"__v":"init","userName":"init","KinhNgiem":"init","_id":"init"},"states":{"ignore":{},"default":{},"init":{"__v":true,"userName":true,"KinhNgiem":true,"_id":true},"modify":{},"require":{}},"stateNames":["require","modify","init","default","ignore"]},"pathsToScopes":{},"emitter":{"domain":null,"_events":{},"_eventsCount":0,"_maxListeners":0}},"isNew":false,"_doc":{"__v":0,"userName":"ha@khung","Diem":8000,"KinhNgiem":0,"_id":{"$ref":"$[0][\"$__\"][\"_id\"]"}},"$init":true},"level":"info","message":"","timestamp":"2017-07-28T03:19:38.538Z"}
{"level":"info","message":"get data done","timestamp":"2017-07-28T03:20:35.598Z"}
{"level":"info","message":"get data done","timestamp":"2017-07-28T06:42:01.786Z"}
{"level":"info","message":"plan done","timestamp":"2017-07-28T06:43:01.631Z"}
{"level":"info","message":"plan done","timestamp":"2017-07-28T06:43:10.616Z"}
{"level":"info","message":"plan done","timestamp":"2017-07-28T06:43:25.314Z"}
{"level":"info","message":"get data done","timestamp":"2017-07-28T06:44:13.813Z"}
{"level":"info","message":"get data done","timestamp":"2017-08-01T02:33:30.315Z"}
{"level":"info","message":"get data done","timestamp":"2017-08-01T02:35:28.577Z"}
{"level":"info","message":"get data done","timestamp":"2017-08-01T02:35:37.981Z"}
{"level":"info","message":"get data done","timestamp":"2017-08-01T02:36:28.961Z"}
{"level":"info","message":"get data done","timestamp":"2017-08-01T02:38:34.871Z"}
{"level":"info","message":"plan done","timestamp":"2017-08-01T02:40:22.777Z"}
{"level":"info","message":"plan done","timestamp":"2017-08-01T02:40:35.901Z"}
{"level":"info","message":"plan done","timestamp":"2017-08-01T02:40:55.100Z"}
{"level":"info","message":"get data done","timestamp":"2017-08-01T02:41:23.893Z"}
{"level":"info","message":"plan done","timestamp":"2017-08-01T02:43:51.898Z"}
{"level":"info","message":"get data done","timestamp":"2017-08-01T02:43:57.573Z"}
{"level":"info","message":"get data done","timestamp":"2017-08-01T02:47:44.406Z"}
{"level":"info","message":"get data done","timestamp":"2017-08-01T02:48:22.627Z"}
{"level":"info","message":"plan done","timestamp":"2017-08-01T02:48:35.958Z"}
{"level":"info","message":"plan done","timestamp":"2017-08-01T02:52:45.628Z"}
{"level":"info","message":"done to harvest","timestamp":"2017-08-01T02:57:30.701Z"}
{"level":"info","message":"plan done","timestamp":"2017-08-01T03:00:04.936Z"}
{"level":"info","message":"done to harvest","timestamp":"2017-08-01T03:02:08.984Z"}
{"0":{"$__":{"strictMode":true,"selected":{},"inserting":false,"getters":{},"_id":{"_bsontype":"ObjectID","id":{"0":89,"1":127,"2":235,"3":183,"4":92,"5":177,"6":135,"7":200,"8":52,"9":43,"10":212,"11":101}},"wasPopulated":false,"activePaths":{"paths":{"__v":"init","userName":"init","passWord":"init","KinhNgiem":"init","SoCayToiDa":"init","CayDaTrong":"init","_id":"init"},"states":{"ignore":{},"default":{},"init":{"__v":true,"userName":true,"passWord":true,"KinhNgiem":true,"SoCayToiDa":true,"CayDaTrong":true,"_id":true},"modify":{},"require":{}},"stateNames":["require","modify","init","default","ignore"]},"pathsToScopes":{},"emitter":{"domain":null,"_events":{},"_eventsCount":0,"_maxListeners":0}},"isNew":false,"_doc":{"__v":0,"userName":"thai@1","passWord":"123","Diem":-3950,"KinhNgiem":1000,"SoCayToiDa":19,"CayDaTrong":2,"_id":{"$ref":"$[0][\"$__\"][\"_id\"]"}},"$init":true},"level":"info","message":"","timestamp":"2017-08-01T03:49:59.239Z"}
{"0":{"$__":{"strictMode":true,"selected":{},"inserting":false,"getters":{},"_id":{"_bsontype":"ObjectID","id":{"0":89,"1":127,"2":235,"3":183,"4":92,"5":177,"6":135,"7":200,"8":52,"9":43,"10":212,"11":101}},"wasPopulated":false,"activePaths":{"paths":{"__v":"init","userName":"init","passWord":"init","KinhNgiem":"init","SoCayToiDa":"init","CayDaTrong":"init","_id":"init"},"states":{"ignore":{},"default":{},"init":{"__v":true,"userName":true,"passWord":true,"KinhNgiem":true,"SoCayToiDa":true,"CayDaTrong":true,"_id":true},"modify":{},"require":{}},"stateNames":["require","modify","init","default","ignore"]},"pathsToScopes":{},"emitter":{"domain":null,"_events":{},"_eventsCount":0,"_maxListeners":0}},"isNew":false,"_doc":{"__v":0,"userName":"thai@1","passWord":"123","Diem":-4200,"KinhNgiem":1000,"SoCayToiDa":19,"CayDaTrong":2,"_id":{"$ref":"$[0][\"$__\"][\"_id\"]"}},"$init":true},"level":"info","message":"","timestamp":"2017-08-01T03:49:59.284Z"}
{"0":{"$__":{"strictMode":true,"selected":{},"inserting":false,"getters":{},"_id":{"_bsontype":"ObjectID","id":{"0":89,"1":127,"2":235,"3":183,"4":92,"5":177,"6":135,"7":200,"8":52,"9":43,"10":212,"11":101}},"wasPopulated":false,"activePaths":{"paths":{"__v":"init","userName":"init","passWord":"init","KinhNgiem":"init","SoCayToiDa":"init","CayDaTrong":"init","_id":"init"},"states":{"ignore":{},"default":{},"init":{"__v":true,"userName":true,"passWord":true,"KinhNgiem":true,"SoCayToiDa":true,"CayDaTrong":true,"_id":true},"modify":{},"require":{}},"stateNames":["require","modify","init","default","ignore"]},"pathsToScopes":{},"emitter":{"domain":null,"_events":{},"_eventsCount":0,"_maxListeners":0}},"isNew":false,"_doc":{"__v":0,"userName":"thai@1","passWord":"123","Diem":-4350,"KinhNgiem":1000,"SoCayToiDa":19,"CayDaTrong":2,"_id":{"$ref":"$[0][\"$__\"][\"_id\"]"}},"$init":true},"level":"info","message":"","timestamp":"2017-08-01T03:49:59.339Z"}
{"0":{"$__":{"strictMode":true,"selected":{},"inserting":false,"getters":{},"_id":{"_bsontype":"ObjectID","id":{"0":89,"1":127,"2":235,"3":183,"4":92,"5":177,"6":135,"7":200,"8":52,"9":43,"10":212,"11":101}},"wasPopulated":false,"activePaths":{"paths":{"__v":"init","userName":"init","passWord":"init","KinhNgiem":"init","SoCayToiDa":"init","CayDaTrong":"init","_id":"init"},"states":{"ignore":{},"default":{},"init":{"__v":true,"userName":true,"passWord":true,"KinhNgiem":true,"SoCayToiDa":true,"CayDaTrong":true,"_id":true},"modify":{},"require":{}},"stateNames":["require","modify","init","default","ignore"]},"pathsToScopes":{},"emitter":{"domain":null,"_events":{},"_eventsCount":0,"_maxListeners":0}},"isNew":false,"_doc":{"__v":0,"userName":"thai@1","passWord":"123","Diem":-4450,"KinhNgiem":1000,"SoCayToiDa":19,"CayDaTrong":2,"_id":{"$ref":"$[0][\"$__\"][\"_id\"]"}},"$init":true},"level":"info","message":"","timestamp":"2017-08-01T03:49:59.397Z"}
{"0":{"$__":{"strictMode":true,"selected":{},"inserting":false,"getters":{},"_id":{"_bsontype":"ObjectID","id":{"0":89,"1":127,"2":235,"3":183,"4":92,"5":177,"6":135,"7":200,"8":52,"9":43,"10":212,"11":101}},"wasPopulated":false,"activePaths":{"paths":{"__v":"init","userName":"init","passWord":"init","KinhNgiem":"init","SoCayToiDa":"init","CayDaTrong":"init","_id":"init"},"states":{"ignore":{},"default":{},"init":{"__v":true,"userName":true,"passWord":true,"KinhNgiem":true,"SoCayToiDa":true,"CayDaTrong":true,"_id":true},"modify":{},"require":{}},"stateNames":["require","modify","init","default","ignore"]},"pathsToScopes":{},"emitter":{"domain":null,"_events":{},"_eventsCount":0,"_maxListeners":0}},"isNew":false,"_doc":{"__v":0,"userName":"thai@1","passWord":"123","Diem":-4500,"KinhNgiem":1000,"SoCayToiDa":19,"CayDaTrong":2,"_id":{"$ref":"$[0][\"$__\"][\"_id\"]"}},"$init":true},"level":"info","message":"","timestamp":"2017-08-01T03:50:32.199Z"}
{"0":{"$__":{"strictMode":true,"selected":{},"inserting":false,"getters":{},"_id":{"_bsontype":"ObjectID","id":{"0":89,"1":127,"2":235,"3":183,"4":92,"5":177,"6":135,"7":200,"8":52,"9":43,"10":212,"11":101}},"wasPopulated":false,"activePaths":{"paths":{"__v":"init","userName":"init","passWord":"init","KinhNgiem":"init","SoCayToiDa":"init","CayDaTrong":"init","_id":"init"},"states":{"ignore":{},"default":{},"init":{"__v":true,"userName":true,"passWord":true,"KinhNgiem":true,"SoCayToiDa":true,"CayDaTrong":true,"_id":true},"modify":{},"require":{}},"stateNames":["require","modify","init","default","ignore"]},"pathsToScopes":{},"emitter":{"domain":null,"_events":{},"_eventsCount":0,"_maxListeners":0}},"isNew":false,"_doc":{"__v":0,"userName":"thai@1","passWord":"123","Diem":-4750,"KinhNgiem":1000,"SoCayToiDa":19,"CayDaTrong":2,"_id":{"$ref":"$[0][\"$__\"][\"_id\"]"}},"$init":true},"level":"info","message":"","timestamp":"2017-08-01T03:50:32.244Z"}
{"0":{"$__":{"strictMode":true,"selected":{},"inserting":false,"getters":{},"_id":{"_bsontype":"ObjectID","id":{"0":89,"1":127,"2":235,"3":183,"4":92,"5":177,"6":135,"7":200,"8":52,"9":43,"10":212,"11":101}},"wasPopulated":false,"activePaths":{"paths":{"__v":"init","userName":"init","passWord":"init","KinhNgiem":"init","SoCayToiDa":"init","CayDaTrong":"init","_id":"init"},"states":{"ignore":{},"default":{},"init":{"__v":true,"userName":true,"passWord":true,"KinhNgiem":true,"SoCayToiDa":true,"CayDaTrong":true,"_id":true},"modify":{},"require":{}},"stateNames":["require","modify","init","default","ignore"]},"pathsToScopes":{},"emitter":{"domain":null,"_events":{},"_eventsCount":0,"_maxListeners":0}},"isNew":false,"_doc":{"__v":0,"userName":"thai@1","passWord":"123","Diem":-4900,"KinhNgiem":1000,"SoCayToiDa":19,"CayDaTrong":2,"_id":{"$ref":"$[0][\"$__\"][\"_id\"]"}},"$init":true},"level":"info","message":"","timestamp":"2017-08-01T03:50:32.292Z"}
{"0":{"$__":{"strictMode":true,"selected":{},"inserting":false,"getters":{},"_id":{"_bsontype":"ObjectID","id":{"0":89,"1":127,"2":235,"3":183,"4":92,"5":177,"6":135,"7":200,"8":52,"9":43,"10":212,"11":101}},"wasPopulated":false,"activePaths":{"paths":{"__v":"init","userName":"init","passWord":"init","KinhNgiem":"init","SoCayToiDa":"init","CayDaTrong":"init","_id":"init"},"states":{"ignore":{},"default":{},"init":{"__v":true,"userName":true,"passWord":true,"KinhNgiem":true,"SoCayToiDa":true,"CayDaTrong":true,"_id":true},"modify":{},"require":{}},"stateNames":["require","modify","init","default","ignore"]},"pathsToScopes":{},"emitter":{"domain":null,"_events":{},"_eventsCount":0,"_maxListeners":0}},"isNew":false,"_doc":{"__v":0,"userName":"thai@1","passWord":"123","Diem":-5000,"KinhNgiem":1000,"SoCayToiDa":19,"CayDaTrong":2,"_id":{"$ref":"$[0][\"$__\"][\"_id\"]"}},"$init":true},"level":"info","message":"","timestamp":"2017-08-01T03:50:32.345Z"}
{"level":"info","message":"get data done","timestamp":"2017-08-04T04:10:58.023Z"}
{"level":"info","message":"plan done","timestamp":"2017-08-04T04:11:46.915Z"}
{"level":"info","message":"done to harvest","timestamp":"2017-08-04T04:20:53.937Z"}
{"level":"info","message":"get data done","timestamp":"2017-08-04T04:21:58.009Z"}
{"level":"info","message":"plan done","timestamp":"2017-08-04T04:22:34.238Z"}
{"level":"info","message":"plan done","timestamp":"2017-08-04T04:22:44.762Z"}
{"level":"info","message":"plan done","timestamp":"2017-08-04T04:22:54.382Z"}
{"level":"info","message":"done to harvest","timestamp":"2017-08-04T04:23:28.223Z"}
{"level":"info","message":"get data done","timestamp":"2017-08-04T04:23:52.940Z"}
{"level":"info","message":"plan done","timestamp":"2017-08-07T05:21:23.985Z"}
{"level":"info","message":"get data done","timestamp":"2017-08-07T05:21:30.565Z"}
{"level":"info","message":"errr","timestamp":"2017-09-22T12:07:58.963Z"}
{"level":"info","message":"errr","timestamp":"2017-09-22T12:08:29.213Z"}
{"level":"info","message":"err","timestamp":"2017-09-22T12:12:49.114Z"}
{"level":"info","message":"err","timestamp":"2017-09-22T12:14:42.351Z"}
{"level":"info","message":"err","timestamp":"2017-09-22T12:14:50.896Z"}
{"level":"info","message":"err","timestamp":"2017-09-22T12:17:11.017Z"}
{"level":"info","message":"err","timestamp":"2017-09-22T12:18:29.520Z"}
